1741977084234:add "123"
1741977206979:help
1741977230835:add --description "hello"
1741977276030:add --description "add buy"
1741977283336:add "add buy"
1741977287942:add
1741977343442:add --desc "dd"
1741977345588:add
1741977353807:add --description "sfefe"
1741977358631:help
1742217984703:add help
1742217988733:add --help
1742218013378:add "tesla" "10"
1742218208568:add --help
1742219002464:add "sed" 12
1742219056225:add "we" 12
1742219168520:add "ee" 20
1742219205377:add "23" 234
1742219239523:add "dsd" 2
1742219284378:add "dFE" 12
1742219492742:add "23" 2
1742219598070:add "33" 383
1742219619003:add --description "243232" --amount 32
1742222200139:list
1742223309000:add --description "wlamart" --amount 89
1742223319080:list
1742223496673:add --description "DMV" 42.95
1742223515535:add --description "DMV" --amount 49.22
1742223522043:list
1742224928046:update --id 0 --description "walmart"
1742224951168:update --id 0 --description "walmart" --amount 89
1742224954922:list
1742225201173:add --description "giant eagle" --amount 34
1742225227425:list
1742225242450:add --description "walmart" --amount 99
1742225248356:list
1742225330666:update --help
1742225537793:update --id 0 --description "walmart" --amount 92
1742225540091:list
1742225570305:add --description "new expense" --amount 33
1742225579648:list
1742225606220:update --id 1 --amount 35 --description "expense"
1742225608500:list
1742230280669:add --description "gas" --amount 23.433
1742230291032:11
1742230301487:list
1742230446356:add --description "gas" --amount 24.2
1742230461447:list
1742230525189:update --id 2 --description "gas" --amount 23
1742230527162:list
1742230678978:delete --id 2
1742230681592:list
1742230691651:delete 23
1742230699414:delete --id 11
1742230704043:update 112
1742230759115:add
1742230770270:add --description --amount
1742230784428:add --descrption "" --amount
1742230798007:add --description "" --amount
1742230811556:add --descrption "23" --amount 3
1742230815115:add
1742230824177:add --description "e" --amount 2
1742230841723:add --description "" --amount 0
1742230853487:add add --descrption " " --amount
1742230862660:add --description " " --amount 0
1742232397999:list
1742232401681:summary
1742232635645:monthly-summary
1742232652538:monthly-summary --march
1742232662636:monthly-summary --month 3
1742232674826:monthly-summary --month "march"
1742232680814:list
1742232820861:monthly-summary --month "march"
1742232890387:monthly-expense
1742232901422:monthly-expense --month "march"
1742232924792:monthly-summary --month "march"
1742233026635:monthly-summary
1742233036761:monthly-summary --month "march"
